<!DOCTYPE html PUBLIC "-//W3C//DTD XHTML 1.1//EN" "http://www.w3.org/TR/xhtml11/DTD/xhtml11.dtd">
<html xmlns="http://www.w3.org/1999/xhtml"><head><title>TestNG Report</title><style type="text/css">table {margin-bottom:10px;border-collapse:collapse;empty-cells:show}th,td {border:1px solid #009;padding:.25em .5em}th {vertical-align:bottom}td {vertical-align:top}table a {font-weight:bold}.stripe td {background-color: #E6EBF9}.num {text-align:right}.passedodd td {background-color: #3F3}.passedeven td {background-color: #0A0}.skippedodd td {background-color: #DDD}.skippedeven td {background-color: #CCC}.failedodd td,.attn {background-color: #F33}.failedeven td,.stripe .attn {background-color: #D00}.stacktrace {white-space:pre;font-family:monospace}.totop {font-size:85%;text-align:center;border-bottom:2px solid #000}</style></head><body><table><tr><th>Test</th><th># Passed</th><th># Skipped</th><th># Failed</th><th>Time (ms)</th><th>Included Groups</th><th>Excluded Groups</th></tr><tr><th colspan="7">Automation Test Report</th></tr><tr><td><a href="#t0">Automation Test Report</a></td><td class="num">0</td><td class="num attn">2</td><td class="num attn">1</td><td class="num">18,224</td><td></td><td></td></tr></table><table><thead><tr><th>Class</th><th>Method</th><th>Start</th><th>Time (ms)</th></tr></thead><tbody><tr><th colspan="4">Automation Test Report</th></tr></tbody><tbody id="t0"><tr><th colspan="4">Automation Test Report &#8212; failed</th></tr><tr class="failedeven"><td rowspan="1">orange.crm.CRMRunner.CRMRunner</td><td><a href="#m0">feature</a></td><td rowspan="1">1622047360019</td><td rowspan="1">17879</td></tr><tr><th colspan="4">Automation Test Report &#8212; skipped</th></tr><tr class="skippedeven"><td rowspan="2">orange.crm.CRMRunner.CRMRunner</td><td><a href="#m1">feature</a></td><td rowspan="2">1622047377901</td><td rowspan="2">28</td></tr><tr class="skippedeven"><td><a href="#m2">feature</a></td></tr></tbody></table><h2>Automation Test Report</h2><h3 id="m0">orange.crm.CRMRunner.CRMRunner#feature</h3><table class="result"><tr class="param"><th>Parameter #1</th><th>Parameter #2</th></tr><tr class="param stripe"><td>&quot;TC001_Orange_CRM_LoginWithvalidCredentials&quot;</td><td>&quot;OrangeCRM Login Test cases&quot;</td></tr><tr><th colspan="2">Exception</th></tr><tr><td colspan="2"><div class="stacktrace">java.lang.NullPointerException
	at orange.crm.Listeners.ExtentReportListener.testStepHandleNoDriver(ExtentReportListener.java:109)
	at orange.crm.orangestepdefination.OrangeDriver.exitWebDriver(OrangeDriver.java:119)
	at ?.Close the OrangeCRM Web Application(./ORANGE_CRM/Orange/TestCases/OrangeCRMLogin.feature:20)
</div></td></tr></table><p class="totop"><a href="#summary">back to summary</a></p><h3 id="m1">orange.crm.CRMRunner.CRMRunner#feature</h3><table class="result"><tr class="param"><th>Parameter #1</th><th>Parameter #2</th></tr><tr class="param stripe"><td>&quot;TC002_Orange_CRM_LoginWithInvalidCredentials&quot;</td><td>&quot;OrangeCRM Login Test cases&quot;</td></tr><tr><th colspan="2">Exception</th></tr><tr><td colspan="2"><div class="stacktrace">org.testng.SkipException: TC002_Orange_CRM_LoginWithInvalidCredentials
	at orange.crm.orangestepdefination.OrangeDriver.before(OrangeDriver.java:63)
	at cucumber.runtime.Utils$1.call(Utils.java:26)
	at cucumber.runtime.Timeout.timeout(Timeout.java:16)
	at cucumber.runtime.Utils.invoke(Utils.java:20)
	at cucumber.runtime.java.JavaHookDefinition.execute(JavaHookDefinition.java:60)
	at cucumber.runner.HookDefinitionMatch.runStep(HookDefinitionMatch.java:16)
	at cucumber.runner.TestStep.executeStep(TestStep.java:63)
	at cucumber.runner.TestStep.run(TestStep.java:49)
	at cucumber.runner.TestCase.run(TestCase.java:40)
	at cucumber.runner.Runner.runPickle(Runner.java:40)
	at cucumber.api.testng.TestNGCucumberRunner.runScenario(TestNGCucumberRunner.java:68)
	at orange.crm.CRMRunner.CRMRunner.feature(CRMRunner.java:33)
... Removed 28 stack frames</div></td></tr></table><p class="totop"><a href="#summary">back to summary</a></p><h3 id="m2">orange.crm.CRMRunner.CRMRunner#feature</h3><table class="result"><tr class="param"><th>Parameter #1</th><th>Parameter #2</th></tr><tr class="param stripe"><td>&quot;TC003_Orange_CRM_LoginAsDifferentUser&quot;</td><td>&quot;OrangeCRM LoginAsDifferentUser Test cases&quot;</td></tr><tr><th colspan="2">Exception</th></tr><tr><td colspan="2"><div class="stacktrace">org.testng.SkipException: TC003_Orange_CRM_LoginAsDifferentUser
	at orange.crm.orangestepdefination.OrangeDriver.before(OrangeDriver.java:63)
	at cucumber.runtime.Utils$1.call(Utils.java:26)
	at cucumber.runtime.Timeout.timeout(Timeout.java:16)
	at cucumber.runtime.Utils.invoke(Utils.java:20)
	at cucumber.runtime.java.JavaHookDefinition.execute(JavaHookDefinition.java:60)
	at cucumber.runner.HookDefinitionMatch.runStep(HookDefinitionMatch.java:16)
	at cucumber.runner.TestStep.executeStep(TestStep.java:63)
	at cucumber.runner.TestStep.run(TestStep.java:49)
	at cucumber.runner.TestCase.run(TestCase.java:40)
	at cucumber.runner.Runner.runPickle(Runner.java:40)
	at cucumber.api.testng.TestNGCucumberRunner.runScenario(TestNGCucumberRunner.java:68)
	at orange.crm.CRMRunner.CRMRunner.feature(CRMRunner.java:33)
... Removed 28 stack frames</div></td></tr></table><p class="totop"><a href="#summary">back to summary</a></p></body></html>